The system is: Windows - 10.0.22631 - AMD64
Compiling the CXX compiler identification source file "CMakeCXXCompilerId.cpp" succeeded.
Compiler:  
Build flags: 
Id flags:  

The output was:
0
MSBuild のバージョン 17.9.5+33de0b227 (.NET Framework)
2024/10/09 4:04:41 にビルドを開始しました。

ノード 1 上のプロジェクト "D:\program\cpp\memory_resource_manager\build\CMakeFiles\3.23.1\CompilerIdCXX\CompilerIdCXX.vcxproj" (既定のターゲット)。
PrepareForBuild:
  ディレクトリ "Debug\" を作成しています。
  構造化出力が有効になっています。コンパイラ診断の書式設定にはエラー階層が反映されます。詳細については、https://aka.ms/cpp/structured-output を参照してください。
  ディレクトリ "Debug\CompilerIdCXX.tlog\" を作成しています。
InitializeBuildStatus:
  "AlwaysCreate" が指定されたため "Debug\CompilerIdCXX.tlog\unsuccessfulbuild" を作成しています。
  "Debug\CompilerIdCXX.tlog\unsuccessfulbuild" のタッチ タスクを実行しています。
VcpkgTripletSelection:
  Using triplet "x64-windows" from "C:\Users\s4lr0\Documents\GitHub\vcpkg\installed\x64-windows\"
  Using normalized configuration "Release"
ClCompile:
  C:\Program Files\Microsoft Visual Studio\2022\Community\VC\Tools\MSVC\14.39.33519\bin\HostX64\x64\CL.exe /c /I"C:\Users\s4lr0\Documents\GitHub\vcpkg\installed\x64-windows\include" /nologo /W0 /WX- /diagnostics:column /Od /D _MBCS /Gm- /EHsc /RTC1 /MDd /GS /fp:precise /Zc:wchar_t /Zc:forScope /Zc:inline /Fo"Debug\\" /Fd"Debug\vc143.pdb" /external:W0 /Gd /TP /FC /errorReport:queue CMakeCXXCompilerId.cpp
  CMakeCXXCompilerId.cpp
Link:
  C:\Program Files\Microsoft Visual Studio\2022\Community\VC\Tools\MSVC\14.39.33519\bin\HostX64\x64\link.exe /ERRORREPORT:QUEUE /OUT:".\CompilerIdCXX.exe" /INCREMENTAL:NO /NOLOGO /LIBPATH:"C:\Users\s4lr0\Documents\GitHub\vcpkg\installed\x64-windows\lib" /LIBPATH:"C:\Users\s4lr0\Documents\GitHub\vcpkg\installed\x64-windows\lib\manual-link" kernel32.lib user32.lib gdi32.lib winspool.lib comdlg32.lib advapi32.lib shell32.lib ole32.lib oleaut32.lib uuid.lib odbc32.lib odbccp32.lib "C:\Users\s4lr0\Documents\GitHub\vcpkg\installed\x64-windows\lib\*.lib" /MANIFEST /MANIFESTUAC:"level='asInvoker' uiAccess='false'" /manifest:embed /PDB:".\CompilerIdCXX.pdb" /SUBSYSTEM:CONSOLE /TLBID:1 /DYNAMICBASE /NXCOMPAT /IMPLIB:".\CompilerIdCXX.lib" /MACHINE:X64 Debug\CMakeCXXCompilerId.obj
  CompilerIdCXX.vcxproj -> D:\program\cpp\memory_resource_manager\build\CMakeFiles\3.23.1\CompilerIdCXX\CompilerIdCXX.exe
AppLocalFromInstalled:
  pwsh.exe -ExecutionPolicy Bypass -noprofile -File "C:\Users\s4lr0\Documents\GitHub\vcpkg\scripts\buildsystems\msbuild\applocal.ps1" "D:\program\cpp\memory_resource_manager\build\CMakeFiles\3.23.1\CompilerIdCXX\CompilerIdCXX.exe" "C:\Users\s4lr0\Documents\GitHub\vcpkg\installed\x64-windows\bin" "Debug\CompilerIdCXX.tlog\CompilerIdCXX.write.1u.tlog" "Debug\vcpkg.applocal.log"
  'pwsh.exe' は、内部コマンドまたは外部コマンド、
  操作可能なプログラムまたはバッチ ファイルとして認識されていません。
  コマンド "pwsh.exe -ExecutionPolicy Bypass -noprofile -File "C:\Users\s4lr0\Documents\GitHub\vcpkg\scripts\buildsystems\msbuild\applocal.ps1" "D:\program\cpp\memory_resource_manager\build\CMakeFiles\3.23.1\CompilerIdCXX\CompilerIdCXX.exe" "C:\Users\s4lr0\Documents\GitHub\vcpkg\installed\x64-windows\bin" "Debug\CompilerIdCXX.tlog\CompilerIdCXX.write.1u.tlog" "Debug\vcpkg.applocal.log"" はコード 9009 で終了しました。
  "C:\WINDOWS\System32\WindowsPowerShell\v1.0\powershell.exe" -ExecutionPolicy Bypass -noprofile -File "C:\Users\s4lr0\Documents\GitHub\vcpkg\scripts\buildsystems\msbuild\applocal.ps1" "D:\program\cpp\memory_resource_manager\build\CMakeFiles\3.23.1\CompilerIdCXX\CompilerIdCXX.exe" "C:\Users\s4lr0\Documents\GitHub\vcpkg\installed\x64-windows\bin" "Debug\CompilerIdCXX.tlog\CompilerIdCXX.write.1u.tlog" "Debug\vcpkg.applocal.log"
PostBuildEvent:
  for %%i in (cl.exe) do @echo CMAKE_CXX_COMPILER=%%~$PATH:i
  :VCEnd
  CMAKE_CXX_COMPILER=C:\Program Files\Microsoft Visual Studio\2022\Community\VC\Tools\MSVC\14.39.33519\bin\Hostx64\x64\cl.exe
FinalizeBuildStatus:
  ファイル "Debug\CompilerIdCXX.tlog\unsuccessfulbuild" を削除しています。
  "Debug\CompilerIdCXX.tlog\CompilerIdCXX.lastbuildstate" のタッチ タスクを実行しています。
プロジェクト "D:\program\cpp\memory_resource_manager\build\CMakeFiles\3.23.1\CompilerIdCXX\CompilerIdCXX.vcxproj" (既定のターゲット) のビルドが完了しました。

ビルドに成功しました。
    0 個の警告
    0 エラー

経過時間 00:00:01.33


Compilation of the CXX compiler identification source "CMakeCXXCompilerId.cpp" produced "CompilerIdCXX.exe"

Compilation of the CXX compiler identification source "CMakeCXXCompilerId.cpp" produced "CompilerIdCXX.vcxproj"

The CXX compiler identification is MSVC, found in "D:/program/cpp/memory_resource_manager/build/CMakeFiles/3.23.1/CompilerIdCXX/CompilerIdCXX.exe"

Detecting CXX compiler ABI info compiled with the following output:
Change Dir: D:/program/cpp/memory_resource_manager/build/CMakeFiles/CMakeTmp

Run Build Command(s):C:/Program Files/Microsoft Visual Studio/2022/Community/MSBuild/Current/Bin/amd64/MSBuild.exe cmTC_3b391.vcxproj /p:Configuration=Debug /p:Platform=x64 /p:VisualStudioVersion=17.0 /v:m && MSBuild のバージョン 17.9.5+33de0b227 (.NET Framework)

  Microsoft(R) C/C++ Optimizing Compiler Version 19.39.33520 for x64
  Copyright (C) Microsoft Corporation.  All rights reserved.
  cl /c /I"C:\Users\s4lr0\Documents\GitHub\vcpkg\installed\x64-windows\include" /Zi /W3 /WX- /diagnostics:column /Od /Ob0 /D _MBCS /D WIN32 /D _WINDOWS /D "CMAKE_INTDIR=\"Debug\"" /Gm- /EHsc /RTC1 /MDd /GS /fp:precise /Zc:wchar_t /Zc:forScope /Zc:inline /GR /Fo"cmTC_3b391.dir\Debug\\" /Fd"cmTC_3b391.dir\Debug\vc143.pdb" /external:W3 /Gd /TP /errorReport:queue "C:\Program Files\CMake\share\cmake-3.23\Modules\CMakeCXXCompilerABI.cpp"
  CMakeCXXCompilerABI.cpp
  cmTC_3b391.vcxproj -> D:\program\cpp\memory_resource_manager\build\CMakeFiles\CMakeTmp\Debug\cmTC_3b391.exe



